SF:lib\presentation\provider\movie_search_notifier.dart
DA:10,1
DA:13,2
DA:16,2
DA:19,2
DA:21,1
DA:22,1
DA:23,1
DA:25,3
DA:26,1
DA:27,1
DA:28,2
DA:29,1
DA:30,1
DA:32,1
DA:33,1
DA:34,1
DA:35,1
LF:17
LH:17
end_of_record
SF:lib\search.dart
DA:6,2
LF:1
LH:1
end_of_record
SF:lib\presentation\bloc\movie\search\search_bloc.dart
DA:14,1
DA:15,3
DA:18,3
DA:19,2
DA:20,1
DA:22,2
DA:23,3
DA:25,1
DA:26,1
DA:27,3
DA:29,1
DA:30,2
DA:33,1
LF:13
LH:13
end_of_record
SF:lib\presentation\bloc\movie\search\search_state.dart
DA:4,2
DA:6,1
DA:7,1
DA:17,2
DA:19,1
DA:20,2
DA:26,1
DA:28,1
DA:29,2
LF:9
LH:9
end_of_record
SF:lib\presentation\bloc\movie\search\search_event.dart
DA:5,1
DA:7,0
DA:8,0
DA:14,1
DA:16,0
DA:17,0
LF:6
LH:2
end_of_record
