SF:lib\presentation\movie\movie_watchlist\movie_watchlist_event.dart
DA:4,2
DA:6,0
DA:7,0
DA:15,1
DA:17,0
DA:18,0
DA:24,1
DA:26,0
DA:27,0
DA:33,1
DA:35,0
DA:36,0
DA:42,1
DA:44,0
DA:45,0
LF:15
LH:5
end_of_record
SF:lib\presentation\movie\movie_watchlist\movie_watchlist_state.dart
DA:4,2
DA:6,1
DA:7,1
DA:17,2
DA:19,1
DA:20,2
DA:26,2
DA:28,1
DA:29,2
DA:35,1
DA:37,1
DA:38,2
DA:44,2
DA:46,1
DA:47,2
LF:15
LH:15
end_of_record
SF:lib\presentation\movie\movie_watchlist\movie_watchlist_bloc.dart
DA:23,1
DA:28,2
DA:29,2
DA:30,2
DA:31,3
DA:33,1
DA:34,1
DA:35,3
DA:37,1
DA:38,2
DA:43,2
DA:44,1
DA:45,3
DA:47,2
DA:50,2
DA:51,1
DA:52,3
DA:54,2
DA:57,2
DA:58,1
DA:59,3
DA:61,1
DA:62,1
DA:63,3
DA:65,1
DA:66,2
DA:70,2
DA:71,1
DA:72,3
DA:74,1
DA:75,1
DA:76,3
DA:78,1
DA:79,2
LF:34
LH:34
end_of_record
SF:lib\presentation\provider\watchlist_movie_notifier.dart
DA:8,2
DA:11,2
DA:14,2
DA:16,1
DA:20,1
DA:21,1
DA:22,1
DA:24,3
DA:25,1
DA:26,1
DA:27,1
DA:28,2
DA:29,1
DA:31,1
DA:32,1
DA:33,1
DA:34,1
LF:17
LH:17
end_of_record
SF:lib\watchlist.dart
DA:6,2
LF:1
LH:1
end_of_record
