SF:lib\presentation\pages\movie_detail_page.dart
DA:21,1
DA:33,1
DA:36,1
DA:38,1
DA:39,1
DA:43,1
DA:45,1
DA:46,2
DA:47,3
DA:48,1
DA:49,1
DA:50,5
DA:51,1
DA:52,1
DA:53,5
DA:54,1
DA:55,1
DA:56,5
DA:58,1
DA:59,1
DA:60,5
DA:61,1
DA:62,1
DA:63,5
DA:64,1
DA:65,1
DA:66,5
DA:67,1
DA:68,1
DA:69,5
DA:74,1
DA:76,1
DA:77,5
DA:81,1
DA:82,1
DA:83,0
DA:84,0
DA:85,0
DA:86,0
DA:89,0
DA:90,0
DA:91,0
DA:94,1
DA:95,1
DA:96,1
DA:100,1
DA:101,1
DA:102,2
DA:103,1
DA:104,2
DA:106,1
DA:108,1
DA:109,1
DA:111,1
DA:112,2
DA:113,1
DA:114,1
DA:115,2
DA:116,1
DA:117,0
DA:120,0
DA:121,0
DA:124,0
DA:125,0
DA:128,2
DA:129,2
DA:130,1
DA:132,1
DA:134,1
DA:136,1
DA:137,1
DA:138,1
DA:142,1
DA:143,0
DA:144,1
DA:145,1
DA:146,1
DA:149,0
DA:151,0
DA:153,0
DA:154,0
DA:155,0
DA:157,0
DA:159,0
DA:160,0
DA:161,0
DA:164,0
DA:165,0
DA:171,0
DA:181,0
DA:182,0
DA:190,1
DA:191,1
DA:192,0
DA:193,0
DA:194,0
DA:195,0
DA:198,0
DA:199,0
DA:200,0
DA:203,1
DA:204,1
DA:205,1
DA:209,1
DA:210,1
DA:211,1
DA:212,2
DA:213,1
DA:214,2
DA:216,1
DA:219,1
DA:220,1
DA:222,1
DA:223,2
DA:224,2
DA:225,2
DA:226,2
DA:227,1
DA:228,0
DA:231,0
DA:232,0
DA:235,0
DA:236,0
DA:239,1
DA:240,1
DA:241,1
DA:242,1
DA:244,1
DA:245,1
DA:248,1
DA:250,1
DA:252,1
DA:254,1
DA:256,1
DA:259,2
DA:260,0
DA:261,0
DA:262,0
DA:263,0
DA:265,0
DA:266,0
DA:268,0
DA:271,0
DA:277,0
DA:278,0
DA:279,0
DA:285,0
DA:286,0
DA:302,0
DA:305,0
DA:307,0
DA:309,0
DA:318,1
DA:319,2
DA:320,0
DA:322,0
DA:324,0
DA:326,0
DA:328,0
DA:331,0
DA:332,0
DA:333,0
DA:334,0
DA:335,0
DA:337,0
DA:339,0
DA:340,0
DA:341,0
DA:342,0
DA:343,0
DA:344,0
DA:346,0
DA:348,0
DA:351,0
DA:357,0
DA:358,0
DA:359,0
DA:365,0
DA:381,1
DA:383,1
DA:385,1
DA:387,1
DA:388,1
DA:389,1
DA:393,1
DA:394,0
DA:395,1
DA:396,1
DA:397,1
DA:400,0
DA:402,0
DA:405,0
DA:406,0
DA:407,0
DA:408,0
DA:410,0
DA:412,0
DA:413,0
DA:414,0
DA:417,0
DA:418,0
DA:433,0
DA:434,0
DA:456,1
DA:469,1
DA:471,1
DA:473,3
DA:474,1
DA:475,1
DA:476,1
DA:477,1
DA:479,1
DA:482,0
DA:484,1
DA:486,1
DA:487,1
DA:488,1
DA:498,1
DA:499,1
DA:500,1
DA:502,1
DA:504,1
DA:506,1
DA:507,1
DA:508,1
DA:509,1
DA:511,1
DA:512,1
DA:513,1
DA:515,1
DA:516,1
DA:523,1
DA:524,2
DA:526,1
DA:527,2
DA:529,1
DA:530,1
DA:531,1
DA:532,2
DA:534,1
DA:540,3
DA:544,1
DA:546,1
DA:548,1
DA:549,1
DA:551,1
DA:552,1
DA:553,1
DA:558,1
DA:560,1
DA:575,1
DA:577,1
DA:580,1
DA:582,0
DA:583,0
DA:592,1
DA:594,2
DA:595,3
DA:598,1
DA:602,3
DA:605,1
DA:606,1
DA:607,1
DA:609,1
DA:610,1
DA:612,0
LF:266
LH:167
end_of_record
SF:lib\presentation\provider\movie_detail_notifier.dart
DA:22,1
DA:31,2
DA:34,2
DA:37,2
DA:40,2
DA:43,2
DA:46,2
DA:48,1
DA:49,1
DA:50,1
DA:51,3
DA:52,3
DA:53,1
DA:54,1
DA:55,1
DA:56,2
DA:57,1
DA:59,1
DA:60,1
DA:61,1
DA:62,1
DA:63,1
DA:64,1
DA:65,1
DA:66,2
DA:68,1
DA:69,1
DA:70,1
DA:73,1
DA:74,1
DA:80,2
DA:82,1
DA:83,3
DA:85,2
DA:86,1
DA:87,2
DA:89,1
DA:90,1
DA:94,3
DA:97,1
DA:98,3
DA:100,2
DA:101,0
DA:102,0
DA:104,1
DA:105,1
DA:109,3
DA:112,1
DA:113,3
DA:114,1
DA:115,1
LF:51
LH:49
end_of_record
